
****** PlanAhead v14.7 (64-bit)
  **** Build 321239 by xbuild on Fri Sep 27 19:29:51 MDT 2013
    ** Copyright 1986-1999, 2001-2013 Xilinx, Inc. All Rights Reserved.

INFO: [Common 17-78] Attempting to get a license: PlanAhead
INFO: [Common 17-290] Got license for PlanAhead
INFO: [Device 21-36] Loading parts and site information from C:/Xilinx/14.7/ISE_DS/PlanAhead/data/parts/arch.xml
Parsing RTL primitives file [C:/Xilinx/14.7/ISE_DS/PlanAhead/data/parts/xilinx/rtl/prims/rtl_prims.xml]
Finished parsing RTL primitives file [C:/Xilinx/14.7/ISE_DS/PlanAhead/data/parts/xilinx/rtl/prims/rtl_prims.xml]
start_gui
source C:/Users/Admin/Desktop/xilinx_workspace/DigitalProject/pa.fromNetlist.tcl
# create_project -name DigitalProject -dir "C:/Users/Admin/Desktop/xilinx_workspace/DigitalProject/planAhead_run_4" -part xc6slx9tqg144-3
# set_property design_mode GateLvl [get_property srcset [current_run -impl]]
# set_property edif_top_file "C:/Users/Admin/Desktop/xilinx_workspace/DigitalProject/mainCircuit.ngc" [ get_property srcset [ current_run ] ]
# add_files -norecurse { {C:/Users/Admin/Desktop/xilinx_workspace/DigitalProject} }
# set_property target_constrs_file "pinANA.ucf" [current_fileset -constrset]
Adding file 'C:/Users/Admin/Desktop/xilinx_workspace/DigitalProject/pinANA.ucf' to fileset 'constrs_1'
# add_files [list {pinANA.ucf}] -fileset [get_property constrset [current_run]]
# link_design
Design is defaulting to srcset: sources_1
Design is defaulting to constrset: constrs_1
Design is defaulting to project part: xc6slx9tqg144-3
Release 14.7 - ngc2edif P.20131013 (nt64)
Copyright (c) 1995-2013 Xilinx, Inc.  All rights reserved.
Reading design mainCircuit.ngc ...
WARNING:NetListWriters:298 - No output is written to mainCircuit.xncf, ignored.
Processing design ...
   Preping design's networks ...
   Preping design's macros ...
  finished :Prep
Writing EDIF netlist file mainCircuit.edif ...
ngc2edif: Total memory usage is 4314584 kilobytes

Parsing EDIF File [./planAhead_run_4/DigitalProject.data/cache/mainCircuit_ngc_zx.edif]
Finished Parsing EDIF File [./planAhead_run_4/DigitalProject.data/cache/mainCircuit_ngc_zx.edif]
Loading clock regions from C:/Xilinx/14.7/ISE_DS/PlanAhead/data\parts/xilinx/spartan6/spartan6lx/xc6slx9/ClockRegion.xml
Loading clock buffers from C:/Xilinx/14.7/ISE_DS/PlanAhead/data\parts/xilinx/spartan6/spartan6lx/xc6slx9/ClockBuffers.xml
Loading package pin functions from C:/Xilinx/14.7/ISE_DS/PlanAhead/data\parts/xilinx/spartan6/PinFunctions.xml...
Loading package from C:/Xilinx/14.7/ISE_DS/PlanAhead/data\parts/xilinx/spartan6/spartan6lx/xc6slx9/tqg144/Package.xml
Loading io standards from C:/Xilinx/14.7/ISE_DS/PlanAhead/data\./parts/xilinx/spartan6/IOStandards.xml
Loading device configuration modes from C:/Xilinx/14.7/ISE_DS/PlanAhead/data\parts/xilinx/spartan6/ConfigModes.xml
Loading list of drcs for the architecture : C:/Xilinx/14.7/ISE_DS/PlanAhead/data\./parts/xilinx/spartan6/drc.xml
Parsing UCF File [C:/Users/Admin/Desktop/xilinx_workspace/DigitalProject/pinANA.ucf]
Finished Parsing UCF File [C:/Users/Admin/Desktop/xilinx_workspace/DigitalProject/pinANA.ucf]
INFO: [Project 1-111] Unisim Transformation Summary:
No Unisim elements were transformed.

Phase 0 | Netlist Checksum: fd0ce7ae
link_design: Time (s): elapsed = 00:00:09 . Memory (MB): peak = 644.383 ; gain = 185.285
exit
ERROR: [Common 17-39] 'stop_gui' failed due to earlier errors.
INFO: [Common 17-206] Exiting PlanAhead at Mon Dec 14 17:27:23 2020...
INFO: [Common 17-83] Releasing license: PlanAhead
