#-----------------------------------------------------------
# PlanAhead v14.7 (64-bit)
# Build 321239 by xbuild on Fri Sep 27 19:29:51 MDT 2013
# Start of session at: Mon Dec 14 17:26:39 2020
# Process ID: 19300
# Log file: C:/Users/Admin/Desktop/xilinx_workspace/DigitalProject/planAhead_run_4/planAhead.log
# Journal file: C:/Users/Admin/Desktop/xilinx_workspace/DigitalProject/planAhead_run_4/planAhead.jou
#-----------------------------------------------------------
INFO: [Common 17-78] Attempting to get a license: PlanAhead
INFO: [Common 17-290] Got license for PlanAhead
INFO: [Device 21-36] Loading parts and site information from C:/Xilinx/14.7/ISE_DS/PlanAhead/data/parts/arch.xml
Parsing RTL primitives file [C:/Xilinx/14.7/ISE_DS/PlanAhead/data/parts/xilinx/rtl/prims/rtl_prims.xml]
Finished parsing RTL primitives file [C:/Xilinx/14.7/ISE_DS/PlanAhead/data/parts/xilinx/rtl/prims/rtl_prims.xml]
start_gui
source C:/Users/Admin/Desktop/xilinx_workspace/DigitalProject/pa.fromNetlist.tcl
# create_project -name DigitalProject -dir "C:/Users/Admin/Desktop/xilinx_workspace/DigitalProject/planAhead_run_4" -part xc6slx9tqg144-3
ERROR: [Common 17-53] User Exception: Project already exists on disk, please use '-force' option to overwrite: 
     C:/Users/Admin/Desktop/xilinx_workspace/DigitalProject/planAhead_run_4/DigitalProject.ppr
     C:/Users/Admin/Desktop/xilinx_workspace/DigitalProject/planAhead_run_4/DigitalProject.data

    while executing
"create_project -name DigitalProject -dir "C:/Users/Admin/Desktop/xilinx_workspace/DigitalProject/planAhead_run_4" -part xc6slx9tqg144-3"
    (file "C:/Users/Admin/Desktop/xilinx_workspace/DigitalProject/pa.fromNetlist.tcl" line 4)
exit
INFO: [Common 17-206] Exiting PlanAhead at Mon Dec 14 17:27:14 2020...
INFO: [Common 17-83] Releasing license: PlanAhead
